GROUP,PACKAGE,CLASS,INSTRUCTION_MISSED,INSTRUCTION_COVERED,BRANCH_MISSED,BRANCH_COVERED,LINE_MISSED,LINE_COVERED,COMPLEXITY_MISSED,COMPLEXITY_COVERED,METHOD_MISSED,METHOD_COVERED
kitchen-svc,org.example.kitchen.service,KitchenOrderService,43,468,15,52,1,100,16,32,2,11
kitchen-svc,org.example.kitchen.controller,KitchenOrderController,0,59,0,0,0,12,0,5,0,5
kitchen-svc,org.example.kitchen.model.enums,KitchenOrderStatus,0,86,0,2,0,12,0,3,0,2
kitchen-svc,org.example.kitchen,KitchenServiceApplication,5,3,0,0,2,1,1,1,1,1
kitchen-svc,org.example.kitchen.config,SecurityConfig,22,116,2,2,3,24,4,9,2,9
kitchen-svc,org.example.kitchen.mapper,KitchenOrderMapper,0,34,0,2,0,9,0,2,0,1
kitchen-svc,org.example.kitchen.exception,KitchenOrderOperationException,0,9,0,0,0,4,0,2,0,2
kitchen-svc,org.example.kitchen.exception,RestExceptionHandler,0,19,0,0,0,3,0,3,0,3
